[ 2017-02-28T20:20:39+08:00 ] ::1 /think/LibraryManage/index.php
INFO: [ app_init ] --START--
INFO: Run Behavior\BuildLiteBehavior [ RunTime:0.000000s ]
INFO: [ app_init ] --END-- [ RunTime:0.000000s ]
INFO: [ app_begin ] --START--
INFO: Run Behavior\ReadHtmlCacheBehavior [ RunTime:0.001000s ]
INFO: [ app_begin ] --END-- [ RunTime:0.001000s ]
ERR: SQLSTATE[28000] [1045] Access denied for user 'root'@'localhost' (using password: YES)

[ 2017-02-28T20:21:09+08:00 ] ::1 /think/LibraryManage/index.php
INFO: [ app_init ] --START--
INFO: Run Behavior\BuildLiteBehavior [ RunTime:0.000000s ]
INFO: [ app_init ] --END-- [ RunTime:0.001000s ]
INFO: [ app_begin ] --START--
INFO: Run Behavior\ReadHtmlCacheBehavior [ RunTime:0.001000s ]
INFO: [ app_begin ] --END-- [ RunTime:0.001000s ]
ERR: 1146:Table 'lyk.lm_admins' doesn't exist
 [ SQL语句 ] : SHOW COLUMNS FROM `lm_admins`
ERR: 1146:Table 'lyk.lm_admins' doesn't exist
 [ SQL语句 ] : SHOW COLUMNS FROM `lm_admins`

[ 2017-02-28T20:21:10+08:00 ] ::1 /think/LibraryManage/index.php
INFO: [ app_init ] --START--
INFO: Run Behavior\BuildLiteBehavior [ RunTime:0.000000s ]
INFO: [ app_init ] --END-- [ RunTime:0.001000s ]
INFO: [ app_begin ] --START--
INFO: Run Behavior\ReadHtmlCacheBehavior [ RunTime:0.001000s ]
INFO: [ app_begin ] --END-- [ RunTime:0.001000s ]
ERR: 1146:Table 'lyk.lm_admins' doesn't exist
 [ SQL语句 ] : SHOW COLUMNS FROM `lm_admins`
ERR: 1146:Table 'lyk.lm_admins' doesn't exist
 [ SQL语句 ] : SHOW COLUMNS FROM `lm_admins`

[ 2017-02-28T20:21:50+08:00 ] ::1 /think/LibraryManage/index.php
INFO: [ app_init ] --START--
INFO: Run Behavior\BuildLiteBehavior [ RunTime:0.000000s ]
INFO: [ app_init ] --END-- [ RunTime:0.001000s ]
INFO: [ app_begin ] --START--
INFO: Run Behavior\ReadHtmlCacheBehavior [ RunTime:0.000000s ]
INFO: [ app_begin ] --END-- [ RunTime:0.000000s ]
ERR: 1146:Table 'lyk.lm_admins' doesn't exist
 [ SQL语句 ] : SHOW COLUMNS FROM `lm_admins`
ERR: 1146:Table 'lyk.lm_admins' doesn't exist
 [ SQL语句 ] : SHOW COLUMNS FROM `lm_admins`

[ 2017-02-28T20:23:07+08:00 ] ::1 /think/LibraryManage/index.php
INFO: [ app_init ] --START--
INFO: Run Behavior\BuildLiteBehavior [ RunTime:0.000000s ]
INFO: [ app_init ] --END-- [ RunTime:0.000000s ]
INFO: [ app_begin ] --START--
INFO: Run Behavior\ReadHtmlCacheBehavior [ RunTime:0.001000s ]
INFO: [ app_begin ] --END-- [ RunTime:0.001000s ]
SQL: SHOW COLUMNS FROM `lm_admins` [ RunTime:0.0070s ]
SQL: SHOW COLUMNS FROM `lm_users` [ RunTime:0.0090s ]
SQL: SHOW COLUMNS FROM `lm_books` [ RunTime:0.0090s ]
SQL: SHOW COLUMNS FROM `lm_borrow` [ RunTime:0.0090s ]
SQL: SHOW COLUMNS FROM `lm_order` [ RunTime:0.0080s ]
SQL: SHOW COLUMNS FROM `lm_cate` [ RunTime:0.0050s ]
SQL: SELECT * FROM `lm_cate`  [ RunTime:0.0000s ]
NOTIC: [8] Undefined index: authority D:\xampp\htdocs\think\LibraryManage\Admin\Home\Controller\BaseController.class.php 第 48 行.
NOTIC: [8] Undefined index: authority D:\xampp\htdocs\think\LibraryManage\Admin\Home\Controller\BaseController.class.php 第 57 行.
NOTIC: [8] Undefined index: type D:\xampp\htdocs\think\LibraryManage\Admin\Home\Controller\BaseController.class.php 第 123 行.
NOTIC: [8] Undefined index: type D:\xampp\htdocs\think\LibraryManage\Admin\Home\Controller\BaseController.class.php 第 125 行.
NOTIC: [8] Undefined index: type D:\xampp\htdocs\think\LibraryManage\Admin\Home\Controller\BaseController.class.php 第 127 行.

[ 2017-02-28T20:23:08+08:00 ] ::1 /think/LibraryManage/index.php/Home/Login/login.html
INFO: [ app_init ] --START--
INFO: Run Behavior\BuildLiteBehavior [ RunTime:0.000000s ]
INFO: [ app_init ] --END-- [ RunTime:0.000000s ]
INFO: [ app_begin ] --START--
INFO: Run Behavior\ReadHtmlCacheBehavior [ RunTime:0.001000s ]
INFO: [ app_begin ] --END-- [ RunTime:0.001000s ]
SQL: SHOW COLUMNS FROM `lm_admins` [ RunTime:0.0160s ]
SQL: SHOW COLUMNS FROM `lm_users` [ RunTime:0.0140s ]
SQL: SHOW COLUMNS FROM `lm_books` [ RunTime:0.0130s ]
SQL: SHOW COLUMNS FROM `lm_borrow` [ RunTime:0.0070s ]
SQL: SHOW COLUMNS FROM `lm_order` [ RunTime:0.0060s ]
SQL: SHOW COLUMNS FROM `lm_cate` [ RunTime:0.0070s ]
SQL: SELECT * FROM `lm_cate`  [ RunTime:0.0000s ]
NOTIC: [8] Undefined index: authority D:\xampp\htdocs\think\LibraryManage\Admin\Home\Controller\BaseController.class.php 第 48 行.
NOTIC: [8] Undefined index: authority D:\xampp\htdocs\think\LibraryManage\Admin\Home\Controller\BaseController.class.php 第 57 行.
NOTIC: [8] Undefined index: user_id D:\xampp\htdocs\think\LibraryManage\Admin\Home\Controller\BaseController.class.php 第 127 行.
SQL: SELECT * FROM `lm_order` WHERE ( borrowDate < '2017-02-28' )  [ RunTime:0.0010s ]
SQL: UPDATE `lm_order` SET `type`='2' WHERE ( id=1 ) [ RunTime:0.0040s ]
INFO: [ view_parse ] --START--
INFO: [ template_filter ] --START--
INFO: Run Behavior\ContentReplaceBehavior [ RunTime:0.000000s ]
INFO: [ template_filter ] --END-- [ RunTime:0.000000s ]
INFO: Run Behavior\ParseTemplateBehavior [ RunTime:0.007000s ]
INFO: [ view_parse ] --END-- [ RunTime:0.007000s ]
INFO: [ view_filter ] --START--
INFO: Run Behavior\WriteHtmlCacheBehavior [ RunTime:0.000000s ]
INFO: [ view_filter ] --END-- [ RunTime:0.000000s ]
INFO: [ app_end ] --START--
INFO: Run Behavior\ShowPageTraceBehavior [ RunTime:0.001000s ]
INFO: [ app_end ] --END-- [ RunTime:0.001000s ]

[ 2017-02-28T20:29:58+08:00 ] ::1 /think/LibraryManage/index.php
INFO: [ app_init ] --START--
INFO: Run Behavior\BuildLiteBehavior [ RunTime:0.000000s ]
INFO: [ app_init ] --END-- [ RunTime:0.000000s ]
INFO: [ app_begin ] --START--
INFO: Run Behavior\ReadHtmlCacheBehavior [ RunTime:0.001000s ]
INFO: [ app_begin ] --END-- [ RunTime:0.001000s ]
SQL: SHOW COLUMNS FROM `lm_admins` [ RunTime:0.0130s ]
SQL: SHOW COLUMNS FROM `lm_users` [ RunTime:0.0130s ]
SQL: SHOW COLUMNS FROM `lm_books` [ RunTime:0.0110s ]
SQL: SHOW COLUMNS FROM `lm_borrow` [ RunTime:0.0080s ]
SQL: SHOW COLUMNS FROM `lm_order` [ RunTime:0.0090s ]
SQL: SHOW COLUMNS FROM `lm_cate` [ RunTime:0.0080s ]
SQL: SELECT * FROM `lm_cate`  [ RunTime:0.0000s ]
NOTIC: [8] Undefined index: authority D:\xampp\htdocs\think\LibraryManage\Admin\Home\Controller\BaseController.class.php 第 48 行.
NOTIC: [8] Undefined index: authority D:\xampp\htdocs\think\LibraryManage\Admin\Home\Controller\BaseController.class.php 第 57 行.
NOTIC: [8] Undefined index: user_id D:\xampp\htdocs\think\LibraryManage\Admin\Home\Controller\BaseController.class.php 第 127 行.

[ 2017-02-28T20:29:59+08:00 ] ::1 /think/LibraryManage/index.php/Home/Login/login.html
INFO: [ app_init ] --START--
INFO: Run Behavior\BuildLiteBehavior [ RunTime:0.000000s ]
INFO: [ app_init ] --END-- [ RunTime:0.000000s ]
INFO: [ app_begin ] --START--
INFO: Run Behavior\ReadHtmlCacheBehavior [ RunTime:0.001000s ]
INFO: [ app_begin ] --END-- [ RunTime:0.001000s ]
SQL: SHOW COLUMNS FROM `lm_admins` [ RunTime:0.0150s ]
SQL: SHOW COLUMNS FROM `lm_users` [ RunTime:0.0110s ]
SQL: SHOW COLUMNS FROM `lm_books` [ RunTime:0.0100s ]
SQL: SHOW COLUMNS FROM `lm_borrow` [ RunTime:0.0040s ]
SQL: SHOW COLUMNS FROM `lm_order` [ RunTime:0.0050s ]
SQL: SHOW COLUMNS FROM `lm_cate` [ RunTime:0.0050s ]
SQL: SELECT * FROM `lm_cate`  [ RunTime:0.0010s ]
NOTIC: [8] Undefined index: authority D:\xampp\htdocs\think\LibraryManage\Admin\Home\Controller\BaseController.class.php 第 48 行.
NOTIC: [8] Undefined index: authority D:\xampp\htdocs\think\LibraryManage\Admin\Home\Controller\BaseController.class.php 第 57 行.
NOTIC: [8] Undefined index: user_id D:\xampp\htdocs\think\LibraryManage\Admin\Home\Controller\BaseController.class.php 第 127 行.
SQL: SELECT * FROM `lm_order` WHERE ( borrowDate < '2017-02-28' )  [ RunTime:0.0000s ]
SQL: UPDATE `lm_order` SET `type`='2' WHERE ( id=1 ) [ RunTime:0.0010s ]
INFO: [ view_parse ] --START--
INFO: [ template_filter ] --START--
INFO: Run Behavior\ContentReplaceBehavior [ RunTime:0.000000s ]
INFO: [ template_filter ] --END-- [ RunTime:0.000000s ]
INFO: Run Behavior\ParseTemplateBehavior [ RunTime:0.008000s ]
INFO: [ view_parse ] --END-- [ RunTime:0.008000s ]
INFO: [ view_filter ] --START--
INFO: Run Behavior\WriteHtmlCacheBehavior [ RunTime:0.000000s ]
INFO: [ view_filter ] --END-- [ RunTime:0.000000s ]
INFO: [ app_end ] --START--
INFO: Run Behavior\ShowPageTraceBehavior [ RunTime:0.001000s ]
INFO: [ app_end ] --END-- [ RunTime:0.001000s ]

[ 2017-02-28T20:41:47+08:00 ] ::1 /think/LibraryManage/
INFO: [ app_init ] --START--
INFO: Run Behavior\BuildLiteBehavior [ RunTime:0.000000s ]
INFO: [ app_init ] --END-- [ RunTime:0.001000s ]
INFO: [ app_begin ] --START--
INFO: Run Behavior\ReadHtmlCacheBehavior [ RunTime:0.001000s ]
INFO: [ app_begin ] --END-- [ RunTime:0.001000s ]
SQL: SHOW COLUMNS FROM `lm_admins` [ RunTime:0.0110s ]
SQL: SHOW COLUMNS FROM `lm_users` [ RunTime:0.0100s ]
SQL: SHOW COLUMNS FROM `lm_books` [ RunTime:0.0090s ]
SQL: SHOW COLUMNS FROM `lm_borrow` [ RunTime:0.0110s ]
SQL: SHOW COLUMNS FROM `lm_order` [ RunTime:0.0090s ]
SQL: SHOW COLUMNS FROM `lm_cate` [ RunTime:0.0080s ]
SQL: SELECT * FROM `lm_cate`  [ RunTime:0.0010s ]
NOTIC: [8] Undefined index: authority D:\xampp\htdocs\think\LibraryManage\Admin\Home\Controller\BaseController.class.php 第 48 行.
NOTIC: [8] Undefined index: authority D:\xampp\htdocs\think\LibraryManage\Admin\Home\Controller\BaseController.class.php 第 57 行.
NOTIC: [8] Undefined index: type D:\xampp\htdocs\think\LibraryManage\Admin\Home\Controller\BaseController.class.php 第 123 行.
NOTIC: [8] Undefined index: type D:\xampp\htdocs\think\LibraryManage\Admin\Home\Controller\BaseController.class.php 第 125 行.
NOTIC: [8] Undefined index: type D:\xampp\htdocs\think\LibraryManage\Admin\Home\Controller\BaseController.class.php 第 127 行.

[ 2017-02-28T20:41:48+08:00 ] ::1 /think/LibraryManage/index.php/Home/Login/login.html
INFO: [ app_init ] --START--
INFO: Run Behavior\BuildLiteBehavior [ RunTime:0.000000s ]
INFO: [ app_init ] --END-- [ RunTime:0.000000s ]
INFO: [ app_begin ] --START--
INFO: Run Behavior\ReadHtmlCacheBehavior [ RunTime:0.000000s ]
INFO: [ app_begin ] --END-- [ RunTime:0.001000s ]
SQL: SHOW COLUMNS FROM `lm_admins` [ RunTime:0.0180s ]
SQL: SHOW COLUMNS FROM `lm_users` [ RunTime:0.0160s ]
SQL: SHOW COLUMNS FROM `lm_books` [ RunTime:0.0080s ]
SQL: SHOW COLUMNS FROM `lm_borrow` [ RunTime:0.0090s ]
SQL: SHOW COLUMNS FROM `lm_order` [ RunTime:0.0090s ]
SQL: SHOW COLUMNS FROM `lm_cate` [ RunTime:0.0080s ]
SQL: SELECT * FROM `lm_cate`  [ RunTime:0.0010s ]
NOTIC: [8] Undefined index: authority D:\xampp\htdocs\think\LibraryManage\Admin\Home\Controller\BaseController.class.php 第 48 行.
NOTIC: [8] Undefined index: authority D:\xampp\htdocs\think\LibraryManage\Admin\Home\Controller\BaseController.class.php 第 57 行.
NOTIC: [8] Undefined index: user_id D:\xampp\htdocs\think\LibraryManage\Admin\Home\Controller\BaseController.class.php 第 127 行.
SQL: SELECT * FROM `lm_order` WHERE ( borrowDate < '2017-02-28' )  [ RunTime:0.0000s ]
SQL: UPDATE `lm_order` SET `type`='2' WHERE ( id=1 ) [ RunTime:0.0010s ]
INFO: [ view_parse ] --START--
INFO: [ template_filter ] --START--
INFO: Run Behavior\ContentReplaceBehavior [ RunTime:0.000000s ]
INFO: [ template_filter ] --END-- [ RunTime:0.000000s ]
INFO: Run Behavior\ParseTemplateBehavior [ RunTime:0.007000s ]
INFO: [ view_parse ] --END-- [ RunTime:0.007000s ]
INFO: [ view_filter ] --START--
INFO: Run Behavior\WriteHtmlCacheBehavior [ RunTime:0.000000s ]
INFO: [ view_filter ] --END-- [ RunTime:0.000000s ]
INFO: [ app_end ] --START--
INFO: Run Behavior\ShowPageTraceBehavior [ RunTime:0.001000s ]
INFO: [ app_end ] --END-- [ RunTime:0.001000s ]

