[ 2017-02-24T12:18:39+08:00 ] ::1 /think/LibraryManage/index.php
INFO: [ app_init ] --START--
INFO: Run Behavior\BuildLiteBehavior [ RunTime:0.000000s ]
INFO: [ app_init ] --END-- [ RunTime:0.009000s ]
INFO: [ app_begin ] --START--
INFO: Run Behavior\ReadHtmlCacheBehavior [ RunTime:0.024000s ]
INFO: [ app_begin ] --END-- [ RunTime:0.025000s ]
SQL: SHOW COLUMNS FROM `lm_admins` [ RunTime:0.0710s ]
SQL: SHOW COLUMNS FROM `lm_users` [ RunTime:0.0260s ]
SQL: SHOW COLUMNS FROM `lm_books` [ RunTime:0.0270s ]
SQL: SHOW COLUMNS FROM `lm_borrow` [ RunTime:0.0400s ]
SQL: SHOW COLUMNS FROM `lm_order` [ RunTime:0.0350s ]
SQL: SHOW COLUMNS FROM `lm_cate` [ RunTime:0.0460s ]
SQL: SELECT * FROM `lm_cate`  [ RunTime:0.0000s ]
NOTIC: [8] Undefined index: authority D:\PHP\wamp64\www\think\LibraryManage\Admin\Home\Controller\BaseController.class.php 第 48 行.
NOTIC: [8] Undefined index: authority D:\PHP\wamp64\www\think\LibraryManage\Admin\Home\Controller\BaseController.class.php 第 57 行.
NOTIC: [8] Undefined index: type D:\PHP\wamp64\www\think\LibraryManage\Admin\Home\Controller\BaseController.class.php 第 123 行.
NOTIC: [8] Undefined index: type D:\PHP\wamp64\www\think\LibraryManage\Admin\Home\Controller\BaseController.class.php 第 125 行.
NOTIC: [8] Undefined index: type D:\PHP\wamp64\www\think\LibraryManage\Admin\Home\Controller\BaseController.class.php 第 127 行.

[ 2017-02-24T12:18:40+08:00 ] ::1 /think/LibraryManage/index.php/Home/Login/login.html
INFO: [ app_init ] --START--
INFO: Run Behavior\BuildLiteBehavior [ RunTime:0.000000s ]
INFO: [ app_init ] --END-- [ RunTime:0.000000s ]
INFO: [ app_begin ] --START--
INFO: Run Behavior\ReadHtmlCacheBehavior [ RunTime:0.000000s ]
INFO: [ app_begin ] --END-- [ RunTime:0.001000s ]
SQL: SHOW COLUMNS FROM `lm_admins` [ RunTime:0.0000s ]
SQL: SHOW COLUMNS FROM `lm_users` [ RunTime:0.0000s ]
SQL: SHOW COLUMNS FROM `lm_books` [ RunTime:0.0000s ]
SQL: SHOW COLUMNS FROM `lm_borrow` [ RunTime:0.0010s ]
SQL: SHOW COLUMNS FROM `lm_order` [ RunTime:0.0010s ]
SQL: SHOW COLUMNS FROM `lm_cate` [ RunTime:0.0010s ]
SQL: SELECT * FROM `lm_cate`  [ RunTime:0.0010s ]
NOTIC: [8] Undefined index: authority D:\PHP\wamp64\www\think\LibraryManage\Admin\Home\Controller\BaseController.class.php 第 48 行.
NOTIC: [8] Undefined index: authority D:\PHP\wamp64\www\think\LibraryManage\Admin\Home\Controller\BaseController.class.php 第 57 行.
NOTIC: [8] Undefined index: user_id D:\PHP\wamp64\www\think\LibraryManage\Admin\Home\Controller\BaseController.class.php 第 127 行.
SQL: SELECT * FROM `lm_order` WHERE ( borrowDate < '2017-02-24' )  [ RunTime:0.0530s ]
SQL: UPDATE `lm_order` SET `type`='2' WHERE ( id=1 ) [ RunTime:0.0230s ]
INFO: [ view_parse ] --START--
INFO: [ template_filter ] --START--
INFO: Run Behavior\ContentReplaceBehavior [ RunTime:0.025000s ]
INFO: [ template_filter ] --END-- [ RunTime:0.025000s ]
INFO: Run Behavior\ParseTemplateBehavior [ RunTime:0.075000s ]
INFO: [ view_parse ] --END-- [ RunTime:0.077000s ]
INFO: [ view_filter ] --START--
INFO: Run Behavior\WriteHtmlCacheBehavior [ RunTime:0.022000s ]
INFO: [ view_filter ] --END-- [ RunTime:0.022000s ]
INFO: [ app_end ] --START--
INFO: Run Behavior\ShowPageTraceBehavior [ RunTime:0.012000s ]
INFO: [ app_end ] --END-- [ RunTime:0.013000s ]

[ 2017-02-24T12:21:08+08:00 ] ::1 /think/LibraryManage/index.php
INFO: [ app_init ] --START--
INFO: Run Behavior\BuildLiteBehavior [ RunTime:0.000000s ]
INFO: [ app_init ] --END-- [ RunTime:0.001000s ]
INFO: [ app_begin ] --START--
INFO: Run Behavior\ReadHtmlCacheBehavior [ RunTime:0.000000s ]
INFO: [ app_begin ] --END-- [ RunTime:0.000000s ]
SQL: SHOW COLUMNS FROM `lm_admins` [ RunTime:0.0010s ]
SQL: SHOW COLUMNS FROM `lm_users` [ RunTime:0.0010s ]
SQL: SHOW COLUMNS FROM `lm_books` [ RunTime:0.0010s ]
SQL: SHOW COLUMNS FROM `lm_borrow` [ RunTime:0.0010s ]
SQL: SHOW COLUMNS FROM `lm_order` [ RunTime:0.0010s ]
SQL: SHOW COLUMNS FROM `lm_cate` [ RunTime:0.0010s ]
SQL: SELECT * FROM `lm_cate`  [ RunTime:0.0000s ]
NOTIC: [8] Undefined index: authority D:\PHP\wamp64\www\think\LibraryManage\Admin\Home\Controller\BaseController.class.php 第 48 行.
NOTIC: [8] Undefined index: authority D:\PHP\wamp64\www\think\LibraryManage\Admin\Home\Controller\BaseController.class.php 第 57 行.
NOTIC: [8] Undefined index: user_id D:\PHP\wamp64\www\think\LibraryManage\Admin\Home\Controller\BaseController.class.php 第 127 行.

[ 2017-02-24T12:21:08+08:00 ] ::1 /think/LibraryManage/index.php/Home/Login/login.html
INFO: [ app_init ] --START--
INFO: Run Behavior\BuildLiteBehavior [ RunTime:0.000000s ]
INFO: [ app_init ] --END-- [ RunTime:0.001000s ]
INFO: [ app_begin ] --START--
INFO: Run Behavior\ReadHtmlCacheBehavior [ RunTime:0.001000s ]
INFO: [ app_begin ] --END-- [ RunTime:0.001000s ]
SQL: SHOW COLUMNS FROM `lm_admins` [ RunTime:0.0010s ]
SQL: SHOW COLUMNS FROM `lm_users` [ RunTime:0.0010s ]
SQL: SHOW COLUMNS FROM `lm_books` [ RunTime:0.0010s ]
SQL: SHOW COLUMNS FROM `lm_borrow` [ RunTime:0.0010s ]
SQL: SHOW COLUMNS FROM `lm_order` [ RunTime:0.0010s ]
SQL: SHOW COLUMNS FROM `lm_cate` [ RunTime:0.0000s ]
SQL: SELECT * FROM `lm_cate`  [ RunTime:0.0000s ]
NOTIC: [8] Undefined index: authority D:\PHP\wamp64\www\think\LibraryManage\Admin\Home\Controller\BaseController.class.php 第 48 行.
NOTIC: [8] Undefined index: authority D:\PHP\wamp64\www\think\LibraryManage\Admin\Home\Controller\BaseController.class.php 第 57 行.
NOTIC: [8] Undefined index: user_id D:\PHP\wamp64\www\think\LibraryManage\Admin\Home\Controller\BaseController.class.php 第 127 行.
SQL: SELECT * FROM `lm_order` WHERE ( borrowDate < '2017-02-24' )  [ RunTime:0.0000s ]
SQL: UPDATE `lm_order` SET `type`='2' WHERE ( id=1 ) [ RunTime:0.0010s ]
INFO: [ view_parse ] --START--
INFO: [ template_filter ] --START--
INFO: Run Behavior\ContentReplaceBehavior [ RunTime:0.001000s ]
INFO: [ template_filter ] --END-- [ RunTime:0.001000s ]
INFO: Run Behavior\ParseTemplateBehavior [ RunTime:0.007000s ]
INFO: [ view_parse ] --END-- [ RunTime:0.007000s ]
INFO: [ view_filter ] --START--
INFO: Run Behavior\WriteHtmlCacheBehavior [ RunTime:0.000000s ]
INFO: [ view_filter ] --END-- [ RunTime:0.000000s ]
INFO: [ app_end ] --START--
INFO: Run Behavior\ShowPageTraceBehavior [ RunTime:0.001000s ]
INFO: [ app_end ] --END-- [ RunTime:0.001000s ]

