[ 2017-02-19T10:12:21+08:00 ] ::1 /think/LibraryManage/index.php
INFO: [ app_init ] --START--
INFO: Run Behavior\BuildLiteBehavior [ RunTime:0.001000s ]
INFO: [ app_init ] --END-- [ RunTime:0.009000s ]
INFO: [ app_begin ] --START--
INFO: Run Behavior\ReadHtmlCacheBehavior [ RunTime:0.024000s ]
INFO: [ app_begin ] --END-- [ RunTime:0.024000s ]
SQL: SHOW COLUMNS FROM `lm_admins` [ RunTime:0.0700s ]
SQL: SHOW COLUMNS FROM `lm_users` [ RunTime:0.0330s ]
SQL: SHOW COLUMNS FROM `lm_books` [ RunTime:0.0270s ]
SQL: SHOW COLUMNS FROM `lm_borrow` [ RunTime:0.0290s ]
SQL: SHOW COLUMNS FROM `lm_order` [ RunTime:0.0460s ]
SQL: SHOW COLUMNS FROM `lm_cate` [ RunTime:0.0510s ]
SQL: SELECT * FROM `lm_cate`  [ RunTime:0.0250s ]
NOTIC: [8] Undefined index: authority D:\PHP\wamp64\www\think\LibraryManage\Admin\Home\Controller\BaseController.class.php 第 48 行.
NOTIC: [8] Undefined index: authority D:\PHP\wamp64\www\think\LibraryManage\Admin\Home\Controller\BaseController.class.php 第 57 行.
NOTIC: [8] Undefined index: user_id D:\PHP\wamp64\www\think\LibraryManage\Admin\Home\Controller\BaseController.class.php 第 125 行.
NOTIC: [8] Undefined index: user_id D:\PHP\wamp64\www\think\LibraryManage\Admin\Home\Controller\BaseController.class.php 第 129 行.
INFO: [ view_parse ] --START--
INFO: [ template_filter ] --START--
INFO: Run Behavior\ContentReplaceBehavior [ RunTime:0.032000s ]
INFO: [ template_filter ] --END-- [ RunTime:0.034000s ]
INFO: Run Behavior\ParseTemplateBehavior [ RunTime:0.123000s ]
INFO: [ view_parse ] --END-- [ RunTime:0.123000s ]
INFO: [ view_filter ] --START--
INFO: Run Behavior\WriteHtmlCacheBehavior [ RunTime:0.025000s ]
INFO: [ view_filter ] --END-- [ RunTime:0.025000s ]

[ 2017-02-19T10:12:27+08:00 ] ::1 /think/LibraryManage/index.php/Home/Login/login.html
INFO: [ app_init ] --START--
INFO: Run Behavior\BuildLiteBehavior [ RunTime:0.000000s ]
INFO: [ app_init ] --END-- [ RunTime:0.008000s ]
INFO: [ app_begin ] --START--
INFO: Run Behavior\ReadHtmlCacheBehavior [ RunTime:0.002000s ]
INFO: [ app_begin ] --END-- [ RunTime:0.002000s ]
SQL: SHOW COLUMNS FROM `lm_admins` [ RunTime:0.0020s ]
SQL: SHOW COLUMNS FROM `lm_users` [ RunTime:0.0020s ]
SQL: SHOW COLUMNS FROM `lm_books` [ RunTime:0.0020s ]
SQL: SHOW COLUMNS FROM `lm_borrow` [ RunTime:0.0010s ]
SQL: SHOW COLUMNS FROM `lm_order` [ RunTime:0.0020s ]
SQL: SHOW COLUMNS FROM `lm_cate` [ RunTime:0.0010s ]
SQL: SELECT * FROM `lm_cate`  [ RunTime:0.0010s ]
NOTIC: [8] Undefined index: authority D:\PHP\wamp64\www\think\LibraryManage\Admin\Home\Controller\BaseController.class.php 第 48 行.
NOTIC: [8] Undefined index: authority D:\PHP\wamp64\www\think\LibraryManage\Admin\Home\Controller\BaseController.class.php 第 57 行.
NOTIC: [8] Undefined index: user_id D:\PHP\wamp64\www\think\LibraryManage\Admin\Home\Controller\BaseController.class.php 第 125 行.
NOTIC: [8] Undefined index: user_id D:\PHP\wamp64\www\think\LibraryManage\Admin\Home\Controller\BaseController.class.php 第 129 行.
INFO: [ view_parse ] --START--
INFO: [ template_filter ] --START--
INFO: Run Behavior\ContentReplaceBehavior [ RunTime:0.000000s ]
INFO: [ template_filter ] --END-- [ RunTime:0.001000s ]
INFO: Run Behavior\ParseTemplateBehavior [ RunTime:0.045000s ]
INFO: [ view_parse ] --END-- [ RunTime:0.046000s ]
INFO: [ view_filter ] --START--
INFO: Run Behavior\WriteHtmlCacheBehavior [ RunTime:0.001000s ]
INFO: [ view_filter ] --END-- [ RunTime:0.001000s ]
INFO: [ app_end ] --START--
INFO: Run Behavior\ShowPageTraceBehavior [ RunTime:0.030000s ]
INFO: [ app_end ] --END-- [ RunTime:0.031000s ]

[ 2017-02-19T10:14:02+08:00 ] ::1 /think/LibraryManage/index.php/Home/Login/doLogin
INFO: [ app_init ] --START--
INFO: Run Behavior\BuildLiteBehavior [ RunTime:0.001000s ]
INFO: [ app_init ] --END-- [ RunTime:0.002000s ]
INFO: [ app_begin ] --START--
INFO: Run Behavior\ReadHtmlCacheBehavior [ RunTime:0.002000s ]
INFO: [ app_begin ] --END-- [ RunTime:0.002000s ]
SQL: SHOW COLUMNS FROM `lm_admins` [ RunTime:0.0010s ]
SQL: SHOW COLUMNS FROM `lm_users` [ RunTime:0.0010s ]
SQL: SHOW COLUMNS FROM `lm_books` [ RunTime:0.0010s ]
SQL: SHOW COLUMNS FROM `lm_borrow` [ RunTime:0.0020s ]
SQL: SHOW COLUMNS FROM `lm_order` [ RunTime:0.0020s ]
SQL: SHOW COLUMNS FROM `lm_cate` [ RunTime:0.0010s ]
SQL: SELECT * FROM `lm_cate`  [ RunTime:0.0010s ]
NOTIC: [8] Undefined index: authority D:\PHP\wamp64\www\think\LibraryManage\Admin\Home\Controller\BaseController.class.php 第 48 行.
NOTIC: [8] Undefined index: authority D:\PHP\wamp64\www\think\LibraryManage\Admin\Home\Controller\BaseController.class.php 第 57 行.
NOTIC: [8] Undefined index: user_id D:\PHP\wamp64\www\think\LibraryManage\Admin\Home\Controller\BaseController.class.php 第 125 行.
NOTIC: [8] Undefined index: user_id D:\PHP\wamp64\www\think\LibraryManage\Admin\Home\Controller\BaseController.class.php 第 129 行.
SQL: SELECT * FROM `lm_users` WHERE ( name='lyk' AND pwd='e10adc3949ba59abbe56e057f20f883e' )  [ RunTime:0.0710s ]
NOTIC: [8] Undefined index: authority D:\PHP\wamp64\www\think\LibraryManage\Admin\Home\Controller\LoginController.class.php 第 34 行.
INFO: [ view_parse ] --START--
INFO: [ template_filter ] --START--
INFO: Run Behavior\ContentReplaceBehavior [ RunTime:0.000000s ]
INFO: [ template_filter ] --END-- [ RunTime:0.001000s ]
INFO: Run Behavior\ParseTemplateBehavior [ RunTime:0.031000s ]
INFO: [ view_parse ] --END-- [ RunTime:0.032000s ]
INFO: [ view_filter ] --START--
INFO: Run Behavior\WriteHtmlCacheBehavior [ RunTime:0.001000s ]
INFO: [ view_filter ] --END-- [ RunTime:0.001000s ]
INFO: [ app_end ] --START--
INFO: Run Behavior\ShowPageTraceBehavior [ RunTime:0.002000s ]
INFO: [ app_end ] --END-- [ RunTime:0.003000s ]

[ 2017-02-19T10:14:05+08:00 ] ::1 /think/LibraryManage/index.php/Home/Home/home.html
INFO: [ app_init ] --START--
INFO: Run Behavior\BuildLiteBehavior [ RunTime:0.000000s ]
INFO: [ app_init ] --END-- [ RunTime:0.002000s ]
INFO: [ app_begin ] --START--
INFO: Run Behavior\ReadHtmlCacheBehavior [ RunTime:0.002000s ]
INFO: [ app_begin ] --END-- [ RunTime:0.003000s ]
SQL: SHOW COLUMNS FROM `lm_admins` [ RunTime:0.0020s ]
SQL: SHOW COLUMNS FROM `lm_users` [ RunTime:0.0030s ]
SQL: SHOW COLUMNS FROM `lm_books` [ RunTime:0.0030s ]
SQL: SHOW COLUMNS FROM `lm_borrow` [ RunTime:0.0020s ]
SQL: SHOW COLUMNS FROM `lm_order` [ RunTime:0.0030s ]
SQL: SHOW COLUMNS FROM `lm_cate` [ RunTime:0.0020s ]
SQL: SELECT * FROM `lm_cate`  [ RunTime:0.0010s ]
NOTIC: [8] Undefined index: authority D:\PHP\wamp64\www\think\LibraryManage\Admin\Home\Controller\BaseController.class.php 第 48 行.
NOTIC: [8] Undefined index: authority D:\PHP\wamp64\www\think\LibraryManage\Admin\Home\Controller\BaseController.class.php 第 57 行.

[ 2017-02-19T10:15:28+08:00 ] ::1 /think/LibraryManage/index.php/Home/Home/home.html
INFO: [ app_init ] --START--
INFO: Run Behavior\BuildLiteBehavior [ RunTime:0.000000s ]
INFO: [ app_init ] --END-- [ RunTime:0.001000s ]
INFO: [ app_begin ] --START--
INFO: Run Behavior\ReadHtmlCacheBehavior [ RunTime:0.002000s ]
INFO: [ app_begin ] --END-- [ RunTime:0.002000s ]
SQL: SHOW COLUMNS FROM `lm_admins` [ RunTime:0.0020s ]
SQL: SHOW COLUMNS FROM `lm_users` [ RunTime:0.0010s ]
SQL: SHOW COLUMNS FROM `lm_books` [ RunTime:0.0020s ]
SQL: SHOW COLUMNS FROM `lm_borrow` [ RunTime:0.0020s ]
SQL: SHOW COLUMNS FROM `lm_order` [ RunTime:0.0020s ]
SQL: SHOW COLUMNS FROM `lm_cate` [ RunTime:0.0010s ]
SQL: SELECT * FROM `lm_cate`  [ RunTime:0.0010s ]
NOTIC: [8] Undefined index: authority D:\PHP\wamp64\www\think\LibraryManage\Admin\Home\Controller\BaseController.class.php 第 48 行.
NOTIC: [8] Undefined index: authority D:\PHP\wamp64\www\think\LibraryManage\Admin\Home\Controller\BaseController.class.php 第 57 行.

[ 2017-02-19T10:15:29+08:00 ] ::1 /think/LibraryManage/index.php/Home/Home/home.html
INFO: [ app_init ] --START--
INFO: Run Behavior\BuildLiteBehavior [ RunTime:0.000000s ]
INFO: [ app_init ] --END-- [ RunTime:0.001000s ]
INFO: [ app_begin ] --START--
INFO: Run Behavior\ReadHtmlCacheBehavior [ RunTime:0.002000s ]
INFO: [ app_begin ] --END-- [ RunTime:0.002000s ]
SQL: SHOW COLUMNS FROM `lm_admins` [ RunTime:0.0010s ]
SQL: SHOW COLUMNS FROM `lm_users` [ RunTime:0.0010s ]
SQL: SHOW COLUMNS FROM `lm_books` [ RunTime:0.0010s ]
SQL: SHOW COLUMNS FROM `lm_borrow` [ RunTime:0.0010s ]
SQL: SHOW COLUMNS FROM `lm_order` [ RunTime:0.0010s ]
SQL: SHOW COLUMNS FROM `lm_cate` [ RunTime:0.0010s ]
SQL: SELECT * FROM `lm_cate`  [ RunTime:0.0010s ]
NOTIC: [8] Undefined index: authority D:\PHP\wamp64\www\think\LibraryManage\Admin\Home\Controller\BaseController.class.php 第 48 行.
NOTIC: [8] Undefined index: authority D:\PHP\wamp64\www\think\LibraryManage\Admin\Home\Controller\BaseController.class.php 第 57 行.

[ 2017-02-19T10:15:29+08:00 ] ::1 /think/LibraryManage/index.php/Home/Home/home.html
INFO: [ app_init ] --START--
INFO: Run Behavior\BuildLiteBehavior [ RunTime:0.000000s ]
INFO: [ app_init ] --END-- [ RunTime:0.000000s ]
INFO: [ app_begin ] --START--
INFO: Run Behavior\ReadHtmlCacheBehavior [ RunTime:0.000000s ]
INFO: [ app_begin ] --END-- [ RunTime:0.000000s ]
SQL: SHOW COLUMNS FROM `lm_admins` [ RunTime:0.0000s ]
SQL: SHOW COLUMNS FROM `lm_users` [ RunTime:0.0010s ]
SQL: SHOW COLUMNS FROM `lm_books` [ RunTime:0.0010s ]
SQL: SHOW COLUMNS FROM `lm_borrow` [ RunTime:0.0010s ]
SQL: SHOW COLUMNS FROM `lm_order` [ RunTime:0.0000s ]
SQL: SHOW COLUMNS FROM `lm_cate` [ RunTime:0.0010s ]
SQL: SELECT * FROM `lm_cate`  [ RunTime:0.0000s ]
NOTIC: [8] Undefined index: authority D:\PHP\wamp64\www\think\LibraryManage\Admin\Home\Controller\BaseController.class.php 第 48 行.
NOTIC: [8] Undefined index: authority D:\PHP\wamp64\www\think\LibraryManage\Admin\Home\Controller\BaseController.class.php 第 57 行.

[ 2017-02-19T10:15:29+08:00 ] ::1 /think/LibraryManage/index.php/Home/Home/home.html
INFO: [ app_init ] --START--
INFO: Run Behavior\BuildLiteBehavior [ RunTime:0.000000s ]
INFO: [ app_init ] --END-- [ RunTime:0.002000s ]
INFO: [ app_begin ] --START--
INFO: Run Behavior\ReadHtmlCacheBehavior [ RunTime:0.002000s ]
INFO: [ app_begin ] --END-- [ RunTime:0.002000s ]
SQL: SHOW COLUMNS FROM `lm_admins` [ RunTime:0.0020s ]
SQL: SHOW COLUMNS FROM `lm_users` [ RunTime:0.0020s ]
SQL: SHOW COLUMNS FROM `lm_books` [ RunTime:0.0030s ]
SQL: SHOW COLUMNS FROM `lm_borrow` [ RunTime:0.0020s ]
SQL: SHOW COLUMNS FROM `lm_order` [ RunTime:0.0020s ]
SQL: SHOW COLUMNS FROM `lm_cate` [ RunTime:0.0020s ]
SQL: SELECT * FROM `lm_cate`  [ RunTime:0.0010s ]
NOTIC: [8] Undefined index: authority D:\PHP\wamp64\www\think\LibraryManage\Admin\Home\Controller\BaseController.class.php 第 48 行.
NOTIC: [8] Undefined index: authority D:\PHP\wamp64\www\think\LibraryManage\Admin\Home\Controller\BaseController.class.php 第 57 行.

[ 2017-02-19T10:19:05+08:00 ] ::1 /think/LibraryManage/index.php/Home/Home/home.html
INFO: [ app_init ] --START--
INFO: Run Behavior\BuildLiteBehavior [ RunTime:0.001000s ]
INFO: [ app_init ] --END-- [ RunTime:0.002000s ]
INFO: [ app_begin ] --START--
INFO: Run Behavior\ReadHtmlCacheBehavior [ RunTime:0.001000s ]
INFO: [ app_begin ] --END-- [ RunTime:0.003000s ]
SQL: SHOW COLUMNS FROM `lm_admins` [ RunTime:0.0010s ]
SQL: SHOW COLUMNS FROM `lm_users` [ RunTime:0.0010s ]
SQL: SHOW COLUMNS FROM `lm_books` [ RunTime:0.0010s ]
SQL: SHOW COLUMNS FROM `lm_borrow` [ RunTime:0.0010s ]
SQL: SHOW COLUMNS FROM `lm_order` [ RunTime:0.0010s ]
SQL: SHOW COLUMNS FROM `lm_cate` [ RunTime:0.0010s ]
SQL: SELECT * FROM `lm_cate`  [ RunTime:0.0010s ]
NOTIC: [8] Undefined index: authority D:\PHP\wamp64\www\think\LibraryManage\Admin\Home\Controller\BaseController.class.php 第 48 行.
NOTIC: [8] Undefined index: authority D:\PHP\wamp64\www\think\LibraryManage\Admin\Home\Controller\BaseController.class.php 第 57 行.

[ 2017-02-19T10:19:05+08:00 ] ::1 /think/LibraryManage/index.php/Home/Home/home.html
INFO: [ app_init ] --START--
INFO: Run Behavior\BuildLiteBehavior [ RunTime:0.000000s ]
INFO: [ app_init ] --END-- [ RunTime:0.001000s ]
INFO: [ app_begin ] --START--
INFO: Run Behavior\ReadHtmlCacheBehavior [ RunTime:0.002000s ]
INFO: [ app_begin ] --END-- [ RunTime:0.002000s ]
SQL: SHOW COLUMNS FROM `lm_admins` [ RunTime:0.0020s ]
SQL: SHOW COLUMNS FROM `lm_users` [ RunTime:0.0020s ]
SQL: SHOW COLUMNS FROM `lm_books` [ RunTime:0.0020s ]
SQL: SHOW COLUMNS FROM `lm_borrow` [ RunTime:0.0010s ]
SQL: SHOW COLUMNS FROM `lm_order` [ RunTime:0.0020s ]
SQL: SHOW COLUMNS FROM `lm_cate` [ RunTime:0.0020s ]
SQL: SELECT * FROM `lm_cate`  [ RunTime:0.0020s ]
NOTIC: [8] Undefined index: authority D:\PHP\wamp64\www\think\LibraryManage\Admin\Home\Controller\BaseController.class.php 第 48 行.
NOTIC: [8] Undefined index: authority D:\PHP\wamp64\www\think\LibraryManage\Admin\Home\Controller\BaseController.class.php 第 57 行.

[ 2017-02-19T10:19:06+08:00 ] ::1 /think/LibraryManage/index.php/Home/Home/home.html
INFO: [ app_init ] --START--
INFO: Run Behavior\BuildLiteBehavior [ RunTime:0.001000s ]
INFO: [ app_init ] --END-- [ RunTime:0.002000s ]
INFO: [ app_begin ] --START--
INFO: Run Behavior\ReadHtmlCacheBehavior [ RunTime:0.003000s ]
INFO: [ app_begin ] --END-- [ RunTime:0.003000s ]
SQL: SHOW COLUMNS FROM `lm_admins` [ RunTime:0.0030s ]
SQL: SHOW COLUMNS FROM `lm_users` [ RunTime:0.0020s ]
SQL: SHOW COLUMNS FROM `lm_books` [ RunTime:0.0020s ]
SQL: SHOW COLUMNS FROM `lm_borrow` [ RunTime:0.0020s ]
SQL: SHOW COLUMNS FROM `lm_order` [ RunTime:0.0020s ]
SQL: SHOW COLUMNS FROM `lm_cate` [ RunTime:0.0020s ]
SQL: SELECT * FROM `lm_cate`  [ RunTime:0.0000s ]
NOTIC: [8] Undefined index: authority D:\PHP\wamp64\www\think\LibraryManage\Admin\Home\Controller\BaseController.class.php 第 48 行.
NOTIC: [8] Undefined index: authority D:\PHP\wamp64\www\think\LibraryManage\Admin\Home\Controller\BaseController.class.php 第 57 行.

[ 2017-02-19T10:19:06+08:00 ] ::1 /think/LibraryManage/index.php/Home/Home/home.html
INFO: [ app_init ] --START--
INFO: Run Behavior\BuildLiteBehavior [ RunTime:0.000000s ]
INFO: [ app_init ] --END-- [ RunTime:0.001000s ]
INFO: [ app_begin ] --START--
INFO: Run Behavior\ReadHtmlCacheBehavior [ RunTime:0.002000s ]
INFO: [ app_begin ] --END-- [ RunTime:0.003000s ]
SQL: SHOW COLUMNS FROM `lm_admins` [ RunTime:0.0020s ]
SQL: SHOW COLUMNS FROM `lm_users` [ RunTime:0.0010s ]
SQL: SHOW COLUMNS FROM `lm_books` [ RunTime:0.0010s ]
SQL: SHOW COLUMNS FROM `lm_borrow` [ RunTime:0.0010s ]
SQL: SHOW COLUMNS FROM `lm_order` [ RunTime:0.0020s ]
SQL: SHOW COLUMNS FROM `lm_cate` [ RunTime:0.0010s ]
SQL: SELECT * FROM `lm_cate`  [ RunTime:0.0010s ]
NOTIC: [8] Undefined index: authority D:\PHP\wamp64\www\think\LibraryManage\Admin\Home\Controller\BaseController.class.php 第 48 行.
NOTIC: [8] Undefined index: authority D:\PHP\wamp64\www\think\LibraryManage\Admin\Home\Controller\BaseController.class.php 第 57 行.

[ 2017-02-19T10:20:08+08:00 ] ::1 /think/LibraryManage/index.php/Home/Home/home.html
INFO: [ app_init ] --START--
INFO: Run Behavior\BuildLiteBehavior [ RunTime:0.000000s ]
INFO: [ app_init ] --END-- [ RunTime:0.001000s ]
INFO: [ app_begin ] --START--
INFO: Run Behavior\ReadHtmlCacheBehavior [ RunTime:0.001000s ]
INFO: [ app_begin ] --END-- [ RunTime:0.001000s ]
SQL: SHOW COLUMNS FROM `lm_admins` [ RunTime:0.0020s ]
SQL: SHOW COLUMNS FROM `lm_users` [ RunTime:0.0010s ]
SQL: SHOW COLUMNS FROM `lm_books` [ RunTime:0.0020s ]
SQL: SHOW COLUMNS FROM `lm_borrow` [ RunTime:0.0010s ]
SQL: SHOW COLUMNS FROM `lm_order` [ RunTime:0.0020s ]
SQL: SHOW COLUMNS FROM `lm_cate` [ RunTime:0.0010s ]
SQL: SELECT * FROM `lm_cate`  [ RunTime:0.0000s ]
NOTIC: [8] Undefined index: authority D:\PHP\wamp64\www\think\LibraryManage\Admin\Home\Controller\BaseController.class.php 第 48 行.
NOTIC: [8] Undefined index: authority D:\PHP\wamp64\www\think\LibraryManage\Admin\Home\Controller\BaseController.class.php 第 57 行.
SQL: SELECT * FROM `lm_users` WHERE ( name='lyk' )  [ RunTime:0.0010s ]
INFO: [ view_parse ] --START--
INFO: [ template_filter ] --START--
INFO: Run Behavior\ContentReplaceBehavior [ RunTime:0.000000s ]
INFO: [ template_filter ] --END-- [ RunTime:0.000000s ]
INFO: Run Behavior\ParseTemplateBehavior [ RunTime:0.067000s ]
INFO: [ view_parse ] --END-- [ RunTime:0.067000s ]
INFO: [ view_filter ] --START--
INFO: Run Behavior\WriteHtmlCacheBehavior [ RunTime:0.001000s ]
INFO: [ view_filter ] --END-- [ RunTime:0.002000s ]
INFO: [ app_end ] --START--
INFO: Run Behavior\ShowPageTraceBehavior [ RunTime:0.002000s ]
INFO: [ app_end ] --END-- [ RunTime:0.002000s ]

[ 2017-02-19T10:21:25+08:00 ] ::1 /think/LibraryManage/index.php/Home/Home/home.html
INFO: [ app_init ] --START--
INFO: Run Behavior\BuildLiteBehavior [ RunTime:0.000000s ]
INFO: [ app_init ] --END-- [ RunTime:0.001000s ]
INFO: [ app_begin ] --START--
INFO: Run Behavior\ReadHtmlCacheBehavior [ RunTime:0.002000s ]
INFO: [ app_begin ] --END-- [ RunTime:0.002000s ]
SQL: SHOW COLUMNS FROM `lm_admins` [ RunTime:0.0020s ]
SQL: SHOW COLUMNS FROM `lm_users` [ RunTime:0.0020s ]
SQL: SHOW COLUMNS FROM `lm_books` [ RunTime:0.0010s ]
SQL: SHOW COLUMNS FROM `lm_borrow` [ RunTime:0.0020s ]
SQL: SHOW COLUMNS FROM `lm_order` [ RunTime:0.0010s ]
SQL: SHOW COLUMNS FROM `lm_cate` [ RunTime:0.0010s ]
SQL: SELECT * FROM `lm_cate`  [ RunTime:0.0010s ]
NOTIC: [8] Undefined index: authority D:\PHP\wamp64\www\think\LibraryManage\Admin\Home\Controller\BaseController.class.php 第 48 行.
NOTIC: [8] Undefined index: authority D:\PHP\wamp64\www\think\LibraryManage\Admin\Home\Controller\BaseController.class.php 第 57 行.
SQL: SELECT * FROM `lm_users` WHERE ( name='lyk' )  [ RunTime:0.0010s ]
INFO: [ view_parse ] --START--
INFO: [ template_filter ] --START--
INFO: Run Behavior\ContentReplaceBehavior [ RunTime:0.000000s ]
INFO: [ template_filter ] --END-- [ RunTime:0.001000s ]
INFO: Run Behavior\ParseTemplateBehavior [ RunTime:0.024000s ]
INFO: [ view_parse ] --END-- [ RunTime:0.025000s ]
INFO: [ view_filter ] --START--
INFO: Run Behavior\WriteHtmlCacheBehavior [ RunTime:0.001000s ]
INFO: [ view_filter ] --END-- [ RunTime:0.002000s ]
INFO: [ app_end ] --START--
INFO: Run Behavior\ShowPageTraceBehavior [ RunTime:0.002000s ]
INFO: [ app_end ] --END-- [ RunTime:0.002000s ]

[ 2017-02-19T10:21:26+08:00 ] ::1 /think/LibraryManage/index.php/Home/Home/checkBook
INFO: [ app_init ] --START--
INFO: Run Behavior\BuildLiteBehavior [ RunTime:0.000000s ]
INFO: [ app_init ] --END-- [ RunTime:0.001000s ]
INFO: [ app_begin ] --START--
INFO: Run Behavior\ReadHtmlCacheBehavior [ RunTime:0.001000s ]
INFO: [ app_begin ] --END-- [ RunTime:0.002000s ]
SQL: SHOW COLUMNS FROM `lm_admins` [ RunTime:0.0010s ]
SQL: SHOW COLUMNS FROM `lm_users` [ RunTime:0.0010s ]
SQL: SHOW COLUMNS FROM `lm_books` [ RunTime:0.0010s ]
SQL: SHOW COLUMNS FROM `lm_borrow` [ RunTime:0.0010s ]
SQL: SHOW COLUMNS FROM `lm_order` [ RunTime:0.0010s ]
SQL: SHOW COLUMNS FROM `lm_cate` [ RunTime:0.0010s ]
SQL: SELECT * FROM `lm_cate`  [ RunTime:0.0010s ]
NOTIC: [8] Undefined index: authority D:\PHP\wamp64\www\think\LibraryManage\Admin\Home\Controller\BaseController.class.php 第 48 行.
NOTIC: [8] Undefined index: authority D:\PHP\wamp64\www\think\LibraryManage\Admin\Home\Controller\BaseController.class.php 第 57 行.
SQL: SELECT COUNT(*) AS tp_count FROM `lm_books` WHERE ( isShow=1 ) LIMIT 1   [ RunTime:0.0730s ]
SQL: SELECT `id`,`bookName`,`author`,`surplus`,`img` FROM `lm_books` WHERE ( isShow=1 ) LIMIT 0,5   [ RunTime:0.0010s ]
INFO: [ view_parse ] --START--
INFO: [ template_filter ] --START--
INFO: Run Behavior\ContentReplaceBehavior [ RunTime:0.001000s ]
INFO: [ template_filter ] --END-- [ RunTime:0.001000s ]
INFO: Run Behavior\ParseTemplateBehavior [ RunTime:0.049000s ]
INFO: [ view_parse ] --END-- [ RunTime:0.051000s ]
INFO: [ view_filter ] --START--
INFO: Run Behavior\WriteHtmlCacheBehavior [ RunTime:0.002000s ]
INFO: [ view_filter ] --END-- [ RunTime:0.002000s ]
INFO: [ app_end ] --START--
INFO: Run Behavior\ShowPageTraceBehavior [ RunTime:0.003000s ]
INFO: [ app_end ] --END-- [ RunTime:0.003000s ]

[ 2017-02-19T10:21:47+08:00 ] ::1 /think/LibraryManage/index.php/Home/Home/checkBook
INFO: [ app_init ] --START--
INFO: Run Behavior\BuildLiteBehavior [ RunTime:0.000000s ]
INFO: [ app_init ] --END-- [ RunTime:0.001000s ]
INFO: [ app_begin ] --START--
INFO: Run Behavior\ReadHtmlCacheBehavior [ RunTime:0.001000s ]
INFO: [ app_begin ] --END-- [ RunTime:0.002000s ]
SQL: SHOW COLUMNS FROM `lm_admins` [ RunTime:0.0010s ]
SQL: SHOW COLUMNS FROM `lm_users` [ RunTime:0.0010s ]
SQL: SHOW COLUMNS FROM `lm_books` [ RunTime:0.0010s ]
SQL: SHOW COLUMNS FROM `lm_borrow` [ RunTime:0.0010s ]
SQL: SHOW COLUMNS FROM `lm_order` [ RunTime:0.0010s ]
SQL: SHOW COLUMNS FROM `lm_cate` [ RunTime:0.0010s ]
SQL: SELECT * FROM `lm_cate`  [ RunTime:0.0000s ]
NOTIC: [8] Undefined index: authority D:\PHP\wamp64\www\think\LibraryManage\Admin\Home\Controller\BaseController.class.php 第 48 行.
NOTIC: [8] Undefined index: authority D:\PHP\wamp64\www\think\LibraryManage\Admin\Home\Controller\BaseController.class.php 第 57 行.
SQL: SELECT COUNT(*) AS tp_count FROM `lm_books` WHERE ( isShow=1 ) LIMIT 1   [ RunTime:0.0000s ]
SQL: SELECT `id`,`bookName`,`author`,`surplus`,`img` FROM `lm_books` WHERE ( isShow=1 ) LIMIT 0,5   [ RunTime:0.0010s ]
INFO: [ view_parse ] --START--
INFO: [ template_filter ] --START--
INFO: Run Behavior\ContentReplaceBehavior [ RunTime:0.000000s ]
INFO: [ template_filter ] --END-- [ RunTime:0.000000s ]
INFO: Run Behavior\ParseTemplateBehavior [ RunTime:0.019000s ]
INFO: [ view_parse ] --END-- [ RunTime:0.019000s ]
INFO: [ view_filter ] --START--
INFO: Run Behavior\WriteHtmlCacheBehavior [ RunTime:0.000000s ]
INFO: [ view_filter ] --END-- [ RunTime:0.001000s ]
INFO: [ app_end ] --START--
INFO: Run Behavior\ShowPageTraceBehavior [ RunTime:0.001000s ]
INFO: [ app_end ] --END-- [ RunTime:0.001000s ]

[ 2017-02-19T10:21:48+08:00 ] ::1 /think/LibraryManage/index.php/Home/Home/checkBook
INFO: [ app_init ] --START--
INFO: Run Behavior\BuildLiteBehavior [ RunTime:0.000000s ]
INFO: [ app_init ] --END-- [ RunTime:0.003000s ]
INFO: [ app_begin ] --START--
INFO: Run Behavior\ReadHtmlCacheBehavior [ RunTime:0.002000s ]
INFO: [ app_begin ] --END-- [ RunTime:0.003000s ]
SQL: SHOW COLUMNS FROM `lm_admins` [ RunTime:0.0010s ]
SQL: SHOW COLUMNS FROM `lm_users` [ RunTime:0.0010s ]
SQL: SHOW COLUMNS FROM `lm_books` [ RunTime:0.0030s ]
SQL: SHOW COLUMNS FROM `lm_borrow` [ RunTime:0.0020s ]
SQL: SHOW COLUMNS FROM `lm_order` [ RunTime:0.0010s ]
SQL: SHOW COLUMNS FROM `lm_cate` [ RunTime:0.0010s ]
SQL: SELECT * FROM `lm_cate`  [ RunTime:0.0010s ]
NOTIC: [8] Undefined index: authority D:\PHP\wamp64\www\think\LibraryManage\Admin\Home\Controller\BaseController.class.php 第 48 行.
NOTIC: [8] Undefined index: authority D:\PHP\wamp64\www\think\LibraryManage\Admin\Home\Controller\BaseController.class.php 第 57 行.
SQL: SELECT COUNT(*) AS tp_count FROM `lm_books` WHERE ( isShow=1 ) LIMIT 1   [ RunTime:0.0000s ]
SQL: SELECT `id`,`bookName`,`author`,`surplus`,`img` FROM `lm_books` WHERE ( isShow=1 ) LIMIT 0,5   [ RunTime:0.0010s ]
INFO: [ view_parse ] --START--
INFO: [ template_filter ] --START--
INFO: Run Behavior\ContentReplaceBehavior [ RunTime:0.000000s ]
INFO: [ template_filter ] --END-- [ RunTime:0.001000s ]
INFO: Run Behavior\ParseTemplateBehavior [ RunTime:0.042000s ]
INFO: [ view_parse ] --END-- [ RunTime:0.044000s ]
INFO: [ view_filter ] --START--
INFO: Run Behavior\WriteHtmlCacheBehavior [ RunTime:0.001000s ]
INFO: [ view_filter ] --END-- [ RunTime:0.003000s ]
INFO: [ app_end ] --START--
INFO: Run Behavior\ShowPageTraceBehavior [ RunTime:0.003000s ]
INFO: [ app_end ] --END-- [ RunTime:0.005000s ]

[ 2017-02-19T10:21:51+08:00 ] ::1 /think/LibraryManage/index.php/Home/Home/home.html
INFO: [ app_init ] --START--
INFO: Run Behavior\BuildLiteBehavior [ RunTime:0.000000s ]
INFO: [ app_init ] --END-- [ RunTime:0.002000s ]
INFO: [ app_begin ] --START--
INFO: Run Behavior\ReadHtmlCacheBehavior [ RunTime:0.001000s ]
INFO: [ app_begin ] --END-- [ RunTime:0.002000s ]
SQL: SHOW COLUMNS FROM `lm_admins` [ RunTime:0.0020s ]
SQL: SHOW COLUMNS FROM `lm_users` [ RunTime:0.0010s ]
SQL: SHOW COLUMNS FROM `lm_books` [ RunTime:0.0020s ]
SQL: SHOW COLUMNS FROM `lm_borrow` [ RunTime:0.0010s ]
SQL: SHOW COLUMNS FROM `lm_order` [ RunTime:0.0020s ]
SQL: SHOW COLUMNS FROM `lm_cate` [ RunTime:0.0010s ]
SQL: SELECT * FROM `lm_cate`  [ RunTime:0.0000s ]
NOTIC: [8] Undefined index: authority D:\PHP\wamp64\www\think\LibraryManage\Admin\Home\Controller\BaseController.class.php 第 48 行.
NOTIC: [8] Undefined index: authority D:\PHP\wamp64\www\think\LibraryManage\Admin\Home\Controller\BaseController.class.php 第 57 行.
SQL: SELECT * FROM `lm_users` WHERE ( name='lyk' )  [ RunTime:0.0010s ]
INFO: [ view_parse ] --START--
INFO: [ template_filter ] --START--
INFO: Run Behavior\ContentReplaceBehavior [ RunTime:0.000000s ]
INFO: [ template_filter ] --END-- [ RunTime:0.001000s ]
INFO: Run Behavior\ParseTemplateBehavior [ RunTime:0.028000s ]
INFO: [ view_parse ] --END-- [ RunTime:0.028000s ]
INFO: [ view_filter ] --START--
INFO: Run Behavior\WriteHtmlCacheBehavior [ RunTime:0.001000s ]
INFO: [ view_filter ] --END-- [ RunTime:0.002000s ]
INFO: [ app_end ] --START--
INFO: Run Behavior\ShowPageTraceBehavior [ RunTime:0.001000s ]
INFO: [ app_end ] --END-- [ RunTime:0.002000s ]

[ 2017-02-19T10:21:55+08:00 ] ::1 /think/LibraryManage/index.php
INFO: [ app_init ] --START--
INFO: Run Behavior\BuildLiteBehavior [ RunTime:0.000000s ]
INFO: [ app_init ] --END-- [ RunTime:0.001000s ]
INFO: [ app_begin ] --START--
INFO: Run Behavior\ReadHtmlCacheBehavior [ RunTime:0.001000s ]
INFO: [ app_begin ] --END-- [ RunTime:0.001000s ]
SQL: SHOW COLUMNS FROM `lm_admins` [ RunTime:0.0010s ]
SQL: SHOW COLUMNS FROM `lm_users` [ RunTime:0.0010s ]
SQL: SHOW COLUMNS FROM `lm_books` [ RunTime:0.0000s ]
SQL: SHOW COLUMNS FROM `lm_borrow` [ RunTime:0.0010s ]
SQL: SHOW COLUMNS FROM `lm_order` [ RunTime:0.0010s ]
SQL: SHOW COLUMNS FROM `lm_cate` [ RunTime:0.0000s ]
SQL: SELECT * FROM `lm_cate`  [ RunTime:0.0000s ]
NOTIC: [8] Undefined index: authority D:\PHP\wamp64\www\think\LibraryManage\Admin\Home\Controller\BaseController.class.php 第 48 行.
NOTIC: [8] Undefined index: authority D:\PHP\wamp64\www\think\LibraryManage\Admin\Home\Controller\BaseController.class.php 第 57 行.
SQL: SELECT * FROM `lm_admins` WHERE ( name='lyk' )  [ RunTime:0.0000s ]
INFO: [ view_parse ] --START--
INFO: [ template_filter ] --START--
INFO: Run Behavior\ContentReplaceBehavior [ RunTime:0.000000s ]
INFO: [ template_filter ] --END-- [ RunTime:0.001000s ]
NOTIC: [8] Undefined index: authority D:\PHP\wamp64\www\think\LibraryManage\Admin\Runtime\Cache\Home\55843b8195cd32862e5dfa640df6e51d.php 第 39 行.
NOTIC: [8] Undefined index: authority D:\PHP\wamp64\www\think\LibraryManage\Admin\Runtime\Cache\Home\55843b8195cd32862e5dfa640df6e51d.php 第 41 行.
INFO: Run Behavior\ParseTemplateBehavior [ RunTime:0.049000s ]
INFO: [ view_parse ] --END-- [ RunTime:0.051000s ]
INFO: [ view_filter ] --START--
INFO: Run Behavior\WriteHtmlCacheBehavior [ RunTime:0.001000s ]
INFO: [ view_filter ] --END-- [ RunTime:0.001000s ]
INFO: [ app_end ] --START--
INFO: Run Behavior\ShowPageTraceBehavior [ RunTime:0.002000s ]
INFO: [ app_end ] --END-- [ RunTime:0.003000s ]

