[ 2017-02-25T10:51:07+08:00 ] ::1 /think/LibraryManage/index.php
INFO: [ app_init ] --START--
INFO: Run Behavior\BuildLiteBehavior [ RunTime:0.000000s ]
INFO: [ app_init ] --END-- [ RunTime:0.002000s ]
INFO: [ app_begin ] --START--
INFO: Run Behavior\ReadHtmlCacheBehavior [ RunTime:0.014000s ]
INFO: [ app_begin ] --END-- [ RunTime:0.014000s ]
SQL: SHOW COLUMNS FROM `lm_admins` [ RunTime:0.0650s ]
SQL: SHOW COLUMNS FROM `lm_users` [ RunTime:0.0270s ]
SQL: SHOW COLUMNS FROM `lm_books` [ RunTime:0.0280s ]
SQL: SHOW COLUMNS FROM `lm_borrow` [ RunTime:0.0300s ]
SQL: SHOW COLUMNS FROM `lm_order` [ RunTime:0.0350s ]
SQL: SHOW COLUMNS FROM `lm_cate` [ RunTime:0.0490s ]
SQL: SELECT * FROM `lm_cate`  [ RunTime:0.0240s ]
NOTIC: [8] Undefined index: authority D:\PHP\wamp64\www\think\LibraryManage\Admin\Home\Controller\BaseController.class.php ç¬¬ 48 è¡Œ.
NOTIC: [8] Undefined index: authority D:\PHP\wamp64\www\think\LibraryManage\Admin\Home\Controller\BaseController.class.php ç¬¬ 57 è¡Œ.
NOTIC: [8] Undefined index: type D:\PHP\wamp64\www\think\LibraryManage\Admin\Home\Controller\BaseController.class.php ç¬¬ 123 è¡Œ.
NOTIC: [8] Undefined index: type D:\PHP\wamp64\www\think\LibraryManage\Admin\Home\Controller\BaseController.class.php ç¬¬ 125 è¡Œ.
NOTIC: [8] Undefined index: type D:\PHP\wamp64\www\think\LibraryManage\Admin\Home\Controller\BaseController.class.php ç¬¬ 127 è¡Œ.

[ 2017-02-25T10:51:07+08:00 ] ::1 /think/LibraryManage/index.php/Home/Login/login.html
INFO: [ app_init ] --START--
INFO: Run Behavior\BuildLiteBehavior [ RunTime:0.000000s ]
INFO: [ app_init ] --END-- [ RunTime:0.001000s ]
INFO: [ app_begin ] --START--
INFO: Run Behavior\ReadHtmlCacheBehavior [ RunTime:0.001000s ]
INFO: [ app_begin ] --END-- [ RunTime:0.001000s ]
SQL: SHOW COLUMNS FROM `lm_admins` [ RunTime:0.0020s ]
SQL: SHOW COLUMNS FROM `lm_users` [ RunTime:0.0010s ]
SQL: SHOW COLUMNS FROM `lm_books` [ RunTime:0.0010s ]
SQL: SHOW COLUMNS FROM `lm_borrow` [ RunTime:0.0010s ]
SQL: SHOW COLUMNS FROM `lm_order` [ RunTime:0.0010s ]
SQL: SHOW COLUMNS FROM `lm_cate` [ RunTime:0.0010s ]
SQL: SELECT * FROM `lm_cate`  [ RunTime:0.0000s ]
NOTIC: [8] Undefined index: authority D:\PHP\wamp64\www\think\LibraryManage\Admin\Home\Controller\BaseController.class.php ç¬¬ 48 è¡Œ.
NOTIC: [8] Undefined index: authority D:\PHP\wamp64\www\think\LibraryManage\Admin\Home\Controller\BaseController.class.php ç¬¬ 57 è¡Œ.
NOTIC: [8] Undefined index: user_id D:\PHP\wamp64\www\think\LibraryManage\Admin\Home\Controller\BaseController.class.php ç¬¬ 127 è¡Œ.
SQL: SELECT * FROM `lm_order` WHERE ( borrowDate < '2017-02-25' )  [ RunTime:0.0620s ]
SQL: UPDATE `lm_order` SET `type`='2' WHERE ( id=1 ) [ RunTime:0.0230s ]
INFO: [ view_parse ] --START--
INFO: [ template_filter ] --START--
INFO: Run Behavior\ContentReplaceBehavior [ RunTime:0.019000s ]
INFO: [ template_filter ] --END-- [ RunTime:0.019000s ]
INFO: Run Behavior\ParseTemplateBehavior [ RunTime:0.064000s ]
INFO: [ view_parse ] --END-- [ RunTime:0.064000s ]
INFO: [ view_filter ] --START--
INFO: Run Behavior\WriteHtmlCacheBehavior [ RunTime:0.022000s ]
INFO: [ view_filter ] --END-- [ RunTime:0.023000s ]
INFO: [ app_end ] --START--
INFO: Run Behavior\ShowPageTraceBehavior [ RunTime:0.013000s ]
INFO: [ app_end ] --END-- [ RunTime:0.014000s ]

[ 2017-02-25T15:04:58+08:00 ] ::1 /think/LibraryManage/index.php
INFO: [ app_init ] --START--
INFO: Run Behavior\BuildLiteBehavior [ RunTime:0.000000s ]
INFO: [ app_init ] --END-- [ RunTime:0.007000s ]
INFO: [ app_begin ] --START--
INFO: Run Behavior\ReadHtmlCacheBehavior [ RunTime:0.034000s ]
INFO: [ app_begin ] --END-- [ RunTime:0.034000s ]
ERR: SQLSTATE[HY000] [2002] ÓÉÓÚÄ¿±ê¼ÆËã»ú»ý¼«¾Ü¾ø£¬ÎÞ·¨Á¬½Ó¡£


[ 2017-02-25T16:08:29+08:00 ] ::1 /think/LibraryManage/index.php
INFO: [ app_init ] --START--
INFO: Run Behavior\BuildLiteBehavior [ RunTime:0.000000s ]
INFO: [ app_init ] --END-- [ RunTime:0.001000s ]
INFO: [ app_begin ] --START--
INFO: Run Behavior\ReadHtmlCacheBehavior [ RunTime:0.001000s ]
INFO: [ app_begin ] --END-- [ RunTime:0.001000s ]
SQL: SHOW COLUMNS FROM `lm_admins` [ RunTime:0.0730s ]
SQL: SHOW COLUMNS FROM `lm_users` [ RunTime:0.0250s ]
SQL: SHOW COLUMNS FROM `lm_books` [ RunTime:0.0270s ]
SQL: SHOW COLUMNS FROM `lm_borrow` [ RunTime:0.0310s ]
SQL: SHOW COLUMNS FROM `lm_order` [ RunTime:0.0340s ]
SQL: SHOW COLUMNS FROM `lm_cate` [ RunTime:0.0470s ]
SQL: SELECT * FROM `lm_cate`  [ RunTime:0.0010s ]
NOTIC: [8] Undefined index: authority D:\PHP\wamp64\www\think\LibraryManage\Admin\Home\Controller\BaseController.class.php ç¬¬ 48 è¡Œ.
NOTIC: [8] Undefined index: authority D:\PHP\wamp64\www\think\LibraryManage\Admin\Home\Controller\BaseController.class.php ç¬¬ 57 è¡Œ.
NOTIC: [8] Undefined index: type D:\PHP\wamp64\www\think\LibraryManage\Admin\Home\Controller\BaseController.class.php ç¬¬ 123 è¡Œ.
NOTIC: [8] Undefined index: type D:\PHP\wamp64\www\think\LibraryManage\Admin\Home\Controller\BaseController.class.php ç¬¬ 125 è¡Œ.
NOTIC: [8] Undefined index: type D:\PHP\wamp64\www\think\LibraryManage\Admin\Home\Controller\BaseController.class.php ç¬¬ 127 è¡Œ.

[ 2017-02-25T16:08:29+08:00 ] ::1 /think/LibraryManage/index.php/Home/Login/login.html
INFO: [ app_init ] --START--
INFO: Run Behavior\BuildLiteBehavior [ RunTime:0.000000s ]
INFO: [ app_init ] --END-- [ RunTime:0.001000s ]
INFO: [ app_begin ] --START--
INFO: Run Behavior\ReadHtmlCacheBehavior [ RunTime:0.001000s ]
INFO: [ app_begin ] --END-- [ RunTime:0.001000s ]
SQL: SHOW COLUMNS FROM `lm_admins` [ RunTime:0.0010s ]
SQL: SHOW COLUMNS FROM `lm_users` [ RunTime:0.0010s ]
SQL: SHOW COLUMNS FROM `lm_books` [ RunTime:0.0010s ]
SQL: SHOW COLUMNS FROM `lm_borrow` [ RunTime:0.0010s ]
SQL: SHOW COLUMNS FROM `lm_order` [ RunTime:0.0020s ]
SQL: SHOW COLUMNS FROM `lm_cate` [ RunTime:0.0010s ]
SQL: SELECT * FROM `lm_cate`  [ RunTime:0.0010s ]
NOTIC: [8] Undefined index: authority D:\PHP\wamp64\www\think\LibraryManage\Admin\Home\Controller\BaseController.class.php ç¬¬ 48 è¡Œ.
NOTIC: [8] Undefined index: authority D:\PHP\wamp64\www\think\LibraryManage\Admin\Home\Controller\BaseController.class.php ç¬¬ 57 è¡Œ.
NOTIC: [8] Undefined index: user_id D:\PHP\wamp64\www\think\LibraryManage\Admin\Home\Controller\BaseController.class.php ç¬¬ 127 è¡Œ.
SQL: SELECT * FROM `lm_order` WHERE ( borrowDate < '2017-02-25' )  [ RunTime:0.0430s ]
SQL: UPDATE `lm_order` SET `type`='2' WHERE ( id=1 ) [ RunTime:0.0240s ]
INFO: [ view_parse ] --START--
INFO: [ template_filter ] --START--
INFO: Run Behavior\ContentReplaceBehavior [ RunTime:0.018000s ]
INFO: [ template_filter ] --END-- [ RunTime:0.018000s ]
INFO: Run Behavior\ParseTemplateBehavior [ RunTime:0.086000s ]
INFO: [ view_parse ] --END-- [ RunTime:0.086000s ]
INFO: [ view_filter ] --START--
INFO: Run Behavior\WriteHtmlCacheBehavior [ RunTime:0.023000s ]
INFO: [ view_filter ] --END-- [ RunTime:0.023000s ]
INFO: [ app_end ] --START--
INFO: Run Behavior\ShowPageTraceBehavior [ RunTime:0.035000s ]
INFO: [ app_end ] --END-- [ RunTime:0.035000s ]

[ 2017-02-25T22:21:30+08:00 ] ::1 /think/LibraryManage/index.php
INFO: [ app_init ] --START--
INFO: Run Behavior\BuildLiteBehavior [ RunTime:0.000000s ]
INFO: [ app_init ] --END-- [ RunTime:0.011000s ]
INFO: [ app_begin ] --START--
INFO: Run Behavior\ReadHtmlCacheBehavior [ RunTime:0.020000s ]
INFO: [ app_begin ] --END-- [ RunTime:0.022000s ]
SQL: SHOW COLUMNS FROM `lm_admins` [ RunTime:0.0760s ]
SQL: SHOW COLUMNS FROM `lm_users` [ RunTime:0.0260s ]
SQL: SHOW COLUMNS FROM `lm_books` [ RunTime:0.0270s ]
SQL: SHOW COLUMNS FROM `lm_borrow` [ RunTime:0.0400s ]
SQL: SHOW COLUMNS FROM `lm_order` [ RunTime:0.0440s ]
SQL: SHOW COLUMNS FROM `lm_cate` [ RunTime:0.0440s ]
SQL: SELECT * FROM `lm_cate`  [ RunTime:0.0190s ]
NOTIC: [8] Undefined index: authority D:\PHP\wamp64\www\think\LibraryManage\Admin\Home\Controller\BaseController.class.php ç¬¬ 48 è¡Œ.
NOTIC: [8] Undefined index: authority D:\PHP\wamp64\www\think\LibraryManage\Admin\Home\Controller\BaseController.class.php ç¬¬ 57 è¡Œ.
NOTIC: [8] Undefined index: type D:\PHP\wamp64\www\think\LibraryManage\Admin\Home\Controller\BaseController.class.php ç¬¬ 123 è¡Œ.
NOTIC: [8] Undefined index: type D:\PHP\wamp64\www\think\LibraryManage\Admin\Home\Controller\BaseController.class.php ç¬¬ 125 è¡Œ.
NOTIC: [8] Undefined index: type D:\PHP\wamp64\www\think\LibraryManage\Admin\Home\Controller\BaseController.class.php ç¬¬ 127 è¡Œ.

[ 2017-02-25T22:21:30+08:00 ] ::1 /think/LibraryManage/index.php/Home/Login/login.html
INFO: [ app_init ] --START--
INFO: Run Behavior\BuildLiteBehavior [ RunTime:0.000000s ]
INFO: [ app_init ] --END-- [ RunTime:0.002000s ]
INFO: [ app_begin ] --START--
INFO: Run Behavior\ReadHtmlCacheBehavior [ RunTime:0.002000s ]
INFO: [ app_begin ] --END-- [ RunTime:0.002000s ]
SQL: SHOW COLUMNS FROM `lm_admins` [ RunTime:0.0020s ]
SQL: SHOW COLUMNS FROM `lm_users` [ RunTime:0.0010s ]
SQL: SHOW COLUMNS FROM `lm_books` [ RunTime:0.0020s ]
SQL: SHOW COLUMNS FROM `lm_borrow` [ RunTime:0.0020s ]
SQL: SHOW COLUMNS FROM `lm_order` [ RunTime:0.0010s ]
SQL: SHOW COLUMNS FROM `lm_cate` [ RunTime:0.0020s ]
SQL: SELECT * FROM `lm_cate`  [ RunTime:0.0010s ]
NOTIC: [8] Undefined index: authority D:\PHP\wamp64\www\think\LibraryManage\Admin\Home\Controller\BaseController.class.php ç¬¬ 48 è¡Œ.
NOTIC: [8] Undefined index: authority D:\PHP\wamp64\www\think\LibraryManage\Admin\Home\Controller\BaseController.class.php ç¬¬ 57 è¡Œ.
NOTIC: [8] Undefined index: user_id D:\PHP\wamp64\www\think\LibraryManage\Admin\Home\Controller\BaseController.class.php ç¬¬ 127 è¡Œ.
SQL: SELECT * FROM `lm_order` WHERE ( borrowDate < '2017-02-25' )  [ RunTime:0.0430s ]
SQL: UPDATE `lm_order` SET `type`='2' WHERE ( id=1 ) [ RunTime:0.0240s ]
INFO: [ view_parse ] --START--
INFO: [ template_filter ] --START--
INFO: Run Behavior\ContentReplaceBehavior [ RunTime:0.022000s ]
INFO: [ template_filter ] --END-- [ RunTime:0.023000s ]
INFO: Run Behavior\ParseTemplateBehavior [ RunTime:0.102000s ]
INFO: [ view_parse ] --END-- [ RunTime:0.102000s ]
INFO: [ view_filter ] --START--
INFO: Run Behavior\WriteHtmlCacheBehavior [ RunTime:0.018000s ]
INFO: [ view_filter ] --END-- [ RunTime:0.019000s ]
INFO: [ app_end ] --START--
INFO: Run Behavior\ShowPageTraceBehavior [ RunTime:0.013000s ]
INFO: [ app_end ] --END-- [ RunTime:0.013000s ]

